<?xml version="1.0" encoding="UTF-8"?>
<testsuite name="ru.stqa.pft1.addressbook1.tests.AddressBookModification" tests="1" skipped="0" failures="0" errors="0" timestamp="2019-03-18T07:44:32" hostname="DESKTOP-J72L990" time="64.932">
  <properties/>
  <testcase name="testAddressBookModification" classname="ru.stqa.pft1.addressbook1.tests.AddressBookModification" time="64.932"/>
  <system-out><![CDATA[]]></system-out>
  <system-err><![CDATA[]]></system-err>
</testsuite>
