<?xml version="1.0" encoding="UTF-8"?>
<testsuite name="ru.stqa.pft1.addressbook1.tests.AddressBookModification" tests="1" skipped="0" failures="0" errors="0" timestamp="2019-03-17T20:11:38" hostname="DESKTOP-J72L990" time="45.479">
  <properties/>
  <testcase name="testAddressBookModification" classname="ru.stqa.pft1.addressbook1.tests.AddressBookModification" time="45.479"/>
  <system-out><![CDATA[]]></system-out>
  <system-err><![CDATA[]]></system-err>
</testsuite>
