<?xml version="1.0" encoding="UTF-8"?>
<testsuite name="ru.stqa.pft1.addressbook1.tests.GroupModificationTests" tests="1" skipped="0" failures="0" errors="0" timestamp="2019-03-17T20:10:29" hostname="DESKTOP-J72L990" time="11.529">
  <properties/>
  <testcase name="testGroupModification" classname="ru.stqa.pft1.addressbook1.tests.GroupModificationTests" time="11.529"/>
  <system-out><![CDATA[]]></system-out>
  <system-err><![CDATA[]]></system-err>
</testsuite>
