<?xml version="1.0" encoding="UTF-8"?>
<testsuite name="ru.stqa.pft1.addressbook1.tests.GroupDeletionTests" tests="1" skipped="0" failures="0" errors="0" timestamp="2019-03-17T20:10:41" hostname="DESKTOP-J72L990" time="9.596">
  <properties/>
  <testcase name="testGroupDeletion" classname="ru.stqa.pft1.addressbook1.tests.GroupDeletionTests" time="9.596"/>
  <system-out><![CDATA[]]></system-out>
  <system-err><![CDATA[]]></system-err>
</testsuite>
