<?xml version="1.0" encoding="UTF-8"?>
<testsuite name="ru.stqa.pft1.addressbook1.tests.ContactEmailTests" tests="1" skipped="0" failures="0" errors="0" timestamp="2019-03-17T20:12:48" hostname="DESKTOP-J72L990" time="1.207">
  <properties/>
  <testcase name="testContacttEmail" classname="ru.stqa.pft1.addressbook1.tests.ContactEmailTests" time="1.207"/>
  <system-out><![CDATA[]]></system-out>
  <system-err><![CDATA[]]></system-err>
</testsuite>
