<?xml version="1.0" encoding="UTF-8"?>
<testsuite name="ru.stqa.pft1.addressbook1.tests.ContactPhoneTests" tests="1" skipped="0" failures="0" errors="0" timestamp="2019-03-17T20:12:47" hostname="DESKTOP-J72L990" time="0.904">
  <properties/>
  <testcase name="testContactPhones" classname="ru.stqa.pft1.addressbook1.tests.ContactPhoneTests" time="0.904"/>
  <system-out><![CDATA[]]></system-out>
  <system-err><![CDATA[]]></system-err>
</testsuite>
